Starting client with wordcount 62...
Starting client with wordcount 2...
Client 6: beaked
Starting client with wordcount 78...
Client 10: reenforce
Starting client with wordcount 71...
Client 8: italicizing
Client 12: Hirohito
Starting client with wordcount 24...
Client 4: Greeley's
Client 6: Tarzan
Client 10: dizzily
Client 8: disastrous
Client 12: Tbilisi
Client 4: tangerine
Client 10: shortage's
Client 6: eying
Client 12: cs
Client 4: subdivision
Client 12: Client 6: entering
Client 10: Weddell's
Client 4: emotions
Client 6: headquarter
Client 12: excrement's
Client 10: mukluk
Client 4: silicosis's
Client 6: pants
Client 12: squirmed
Client 10: freeloaded
Client 4: misbehaves
Client 6: uninitialized
Client 10: odometer
Client 12: hilt's
Client 4: anonymity's
Client 6: theories
Client 12: retold
Client 10: Spenser
Client 4: papacy's
Client 6: bandoliers
Client 12: soothe
Client 10: spewed
Client 4: monograms
Client 6: bedroll
Client 12: Camacho
Client 10: individually
Client 4: parqueting
Client 6: spryly
Client 10: taxes
Client 12: lactating
Client 4: catchings
Client 6: Jeannie's
Client 10: Barents's
Client 12: ploughshare's
Client 4: hoodie
Client 6: hovering
Client 4: astrologer
Client 12: dearest
Client 10: deciphers
Client 6: battery
Client 4: slang
Client 12: spotter
Client 10: affair
Client 6: haves
Client 4: disbars
Client 12: elopement's
Client 10: eutectic
Client 6: inhale
Client 12: Nation's
Client 4: allowable
Client 10: rhombus
Client 6: Fred
Client 12: who'd
Client 4: expeditions
Client 10: cleanest
Client 6: Bertillon's
Client 12: winnings
Client 4: Arnhem
Client 10: subtrahends
Client 6: surplus's
Client 12: Zibo
Client 4: liability's
Client 10: wholesale
Client 6: magnet's
Client 12: tauter
Client 4: harmonize
Client 10: Romano
Client 12: struggle
Client 6: bursting
Client 4: homework
Client 10: despairingly
Client 6: porn
Client 12: beer
Client 4: pooping
Client 10: befallen
Client 6: Rather's
Client 12: modulating
Client 4: overrides
Client 10: acquainting
Client 4: womanlike
Client 6: sanctuary
Client 10: emptying
Client 12: crossword
Client 10: romp
Client 6: equines
Client 12: prejudicial
Client 6: elitism's
Client 10: sensibly
Client 12: propositioning
Client 10: cocoa's
Client 6: photoed
Client 12: contrasts
Client 6: tag's
Client 12: unmodified
Client 10: cheeseburger's
Client 6: sandwich's
Client 12: seemliness
Client 10: Maginot's
Client 6: Keck's
Client 12: percolated
Client 10: gecko's
Client 6: marines
Client 12: evilly
Client 10: presumable
Client 6: cordite
Client 12: overturning
Client 10: detection's
Client 12: dedication's
Client 10: jived
Client 6: glacially
Client 12: slackly
Client 10: Wendi
Client 6: jacked
Client 12: bops
Client 10: Alistair
Client 6: wheezy
Client 12: Airedale's
Client 10: epaulets
Client 6: scared
Client 12: puzzlement
Client 10: honesty
Client 6: protozoon's
Client 12: Kwangju's
Client 6: envy
Client 10: Eldon's
Client 12: backstroked
Client 10: stay
Client 6: Dionysian
Client 12: Sonia
Client 6: knife's
Client 10: conflagrations
Client 12: mush
Client 6: Blacks
Client 10: undergarment
Client 12: dignifies
Client 6: catkin
Client 10: pigment's
Client 12: rearmament
Client 10: reruns
Client 6: Jerome
Client 10: Client 12: corsage
Client 6: brontosauri
Client 10: tainting
Client 12: tildes
Client 6: bobsleds
Client 12: tongs
Client 6: tarps
Client 10: Hal's
Client 12: creeper's
Client 6: neophyte
Client 10: lingered
Client 12: Lakewood
Client 6: pusher
Client 10: Britannic's
Client 6: Serb
Client 10: saltpetre
Client 12: bout
Client 12: Changchun's
Client 6: vivifies
Client 10: likableness's
Client 12: mazourka's
Client 6: maturation
Client 10: indicator's
Client 12: mooching
Client 10: slain
Client 6: Alkaid's
Client 12: cyclamen
Client 6: minibus
Client 10: regurgitates
Client 12: fancier's
Client 6: Moliere
Client 10: borax
Client 12: plaudit
Client 6: Tammany
Client 10: Croatia's
Client 6: whirled
Client 12: verdict
Client 10: Hewlett's
Client 6: Erebus
Client 12: clutching
Client 10: privatizing
Client 12: elicits
Client 6: narrowness's
Client 10: gorges
Client 12: kerchieves
Client 6: overstated
Client 10: charcoals
Client 12: unspeakable
Client 6: makes
Client 10: brimming
Client 12: baa
Client 6: infection's
Client 10: sweatshop's
Client 6: Mancini's
Client 10: tachometer
Client 12: streams
Client 12: basement
Client 10: unfits
Client 12: overcast's
Client 10: knottiest
Client 12: pacifically
Client 10: salsa
Client 12: snot
Client 10: durably
Client 12: sluggishly
Client 10: Bovary's
Client 12: doggedly
Client 10: schlemiels
Client 12: Madison's
Client 10: finesses
Client 12: Peking's
Client 10: slacks
Client 12: Mellon's
Client 10: inscription
Client 10: controversies
Client 10: rope's
Client 10: Peron's
Client 10: mortality's
Client 10: quake
Client 10: prowler
Client 10: tinsmith's
Clients finished
