Starting client with wordcount 39...
Starting client with wordcount 30...
Starting client with wordcount 69...
Client 8: Laurasia
Client 6: Saracen's
Client 4: soot's
Starting client with wordcount 40...
Client 12: straight
Starting client with wordcount 75...
Client 10: budgeting
Client 8: mussing
Client 4: Shetland
Client 10: harshest
Client 12: reaping
Client 6: northerner
Client 4: feint
Client 8: underneaths
Client 10: speedup
Client 12: racial
Client 6: elementary
Client 8: Chernobyl's
Client 10: saddens
Client 4: solidity
Client 12: ingratiate
Client 6: enlists
Client 4: insurgency
Client 8: torpedoed
Client 6: turnkeys
Client 10: Warner
Client 12: knaves
Client 8: outweighs
Client 4: smilingly
Client 10: iconoclastic
Client 12: Alyssa
Client 6: refinances
Client 8: prowess
Client 4: miscalled
Client 12: Audra
Client 10: hardware
Client 6: herbivore
Client 8: capable
Client 12: opiate
Client 4: Tillich
Client 10: Estelle
Client 6: contraception
Client 8: overcook
Client 4: Arcadian
Client 10: indices
Client 12: restricts
Client 6: reflector's
Client 8: amplifier's
Client 4: learner
Client 10: methadone
Client 12: Beeton
Client 6: Rhoda's
Client 8: Eaton's
Client 12: photoelectric
Client 6: yipping
Client 10: typographical
Client 4: Myrtle's
Client 8: centerfold's
Client 12: ousted
Client 6: warier
Client 4: Client 10: Gordian
Client 8: welded
Client 12: seeking
Client 6: speakeasies
Client 4: worthless
Client 10: confusions
Client 8: Client 12: destructing
Client 6: Alnitak
Client 4: inheritor
Client 10: crackdown
Client 8: cows
Client 12: baubles
Client 6: cure's
Client 10: Pryor's
Client 4: roomful
Client 8: crudities
Client 12: Orleans's
Client 6: disabling
Client 10: racketeer
Client 4: deliver
Client 8: scrapbook
Client 12: huckstered
Client 6: colleges
Client 4: schizoid
Client 10: believer's
Client 8: fathomable
Client 12: impolite
Client 6: grab
Client 4: endless
Client 10: mainland
Client 12: plaintiff
Client 6: dwells
Client 8: exhausting
Client 10: during
Client 4: krónur
Client 12: reconvened
Client 6: vilely
Client 8: renascence
Client 4: pastorate's
Client 10: hippopotamus
Client 12: Czech
Client 6: Parnell's
Client 8: reason's
Client 4: drudgery's
Client 10: burr's
Client 6: ibis
Client 8: mockers
Client 4: underwrites
Client 10: chanticleers
Client 12: interjection's
Client 8: contestant
Client 6: Arius's
Client 4: genre
Client 10: predominating
Client 12: Mercedes
Client 8: tourmaline
Client 6: resend
Client 4: cabinets
Client 10: announces
Client 12: enviously
Client 8: Reuters's
Client 6: swimsuit's
Client 12: consonant
Client 4: mediated
Client 10: portholes
Client 8: Cleo's
Client 4: pejoratives
Client 10: proclamation
Client 6: Marcella's
Client 12: supplication
Client 8: retrieve
Client 4: arteries
Client 12: addend
Client 10: Carly
Client 6: wiliness
Client 8: circuit
Client 12: underclassman
Client 4: ingress
Client 6: hamlet's
Client 10: printer
Client 12: Cruise's
Client 8: wrathfully
Client 4: varicose
Client 6: Sherpa
Client 10: chips
Client 12: Julia
Client 4: predominates
Client 8: Judea
Client 10: hearings
Client 6: Beltane
Client 12: toddles
Client 4: chorussing
Client 8: nudes
Client 10: triteness
Client 8: blaze
Client 4: dive's
Client 10: vowing
Client 12: deference's
Client 8: pictograph's
Client 10: bonehead's
Client 4: Laurasia
Client 12: competitive
Client 10: cataracts
Client 8: greenbacks
Client 4: clearing
Client 12: peer
Client 10: started
Client 8: lurching
Client 4: exhibitionist
Client 12: intakes
Client 10: gadfly
Client 12: detracting
Client 8: detraction's
Client 4: hinted
Client 4: monotheism's
Client 8: Montanans
Client 12: prettified
Client 10: shalt
Client 4: tizzy's
Client 8: Pleistocene's
Client 12: blistering
Client 10: atrophy
Client 4: Garibaldi's
Client 12: traitorous
Client 8: Stoicism's
Client 10: collarbones
Client 8: Purus's
Client 12: compassion
Client 10: pastels
Client 8: epaulettes
Client 10: snivelling
Client 10: Client 8: vassal's
Client 8: cud's
Client 10: blazon's
Client 10: Ernestine's
Client 8: Göteborg's
Client 10: undulate
Client 8: squelch
Client 10: epitomizing
Client 8: graying
Client 8: conduction
Client 10: waterlogged
Client 10: Client 8: untruths
Client 8: merchant's
Client 10: resent
Client 8: shrubberies
Client 10: decimation
Client 10: wastrel
Client 8: pickabacked
Client 10: unashamedly
Client 8: melodious
Client 10: Coulomb's
Client 8: insides
Client 10: McGee's
Client 8: decisive
Client 10: strophes
Client 8: biochemistry's
Client 10: Freida
Client 8: coagulation
Client 8: Brewster
Client 10: Marple
Client 8: Hendrix's
Client 10: foodstuffs
Client 8: Rodger
Client 10: canvass's
Client 8: Stalingrad's
Client 10: hoodies
Client 10: Kurdistan's
Client 8: British
Client 10: leaf
Client 8: erythrocyte
Client 10: Aquinas
Client 8: incidental
Client 10: Romano
Client 8: misconstrued
Client 8: willies
Client 10: consumptive's
Client 8: Andretti's
Client 10: Delaney
Client 10: mill's
Client 8: visor's
Client 8: yachtsman
Client 10: Baylor's
Client 8: acrylic's
Client 10: Maoists
Client 10: dietician's
Client 10: Iran's
Client 10: cybernetics's
Client 10: fiat's
Client 10: divinities
Client 10: frolicked
Clients finished
